0 info it worked if it ends with ok
1 verbose cli [ 'G:\\install\\node\\node.exe',
1 verbose cli   'G:\\install\\node\\node_modules\\npm\\bin\\npm-cli.js',
1 verbose cli   'install',
1 verbose cli   'xml2json' ]
2 info using npm@3.10.6
3 info using node@v4.2.1
4 silly loadCurrentTree Starting
5 silly install loadCurrentTree
6 silly install readLocalPackageData
7 silly fetchPackageMetaData xml2json
8 silly fetchNamedPackageData xml2json
9 silly mapToRegistry name xml2json
10 silly mapToRegistry using default registry
11 silly mapToRegistry registry https://registry.npmjs.org/
12 silly mapToRegistry data Result {
12 silly mapToRegistry   raw: 'xml2json',
12 silly mapToRegistry   scope: null,
12 silly mapToRegistry   escapedName: 'xml2json',
12 silly mapToRegistry   name: 'xml2json',
12 silly mapToRegistry   rawSpec: '',
12 silly mapToRegistry   spec: 'latest',
12 silly mapToRegistry   type: 'tag' }
13 silly mapToRegistry uri https://registry.npmjs.org/xml2json
14 verbose request uri https://registry.npmjs.org/xml2json
15 verbose request no auth needed
16 info attempt registry request try #1 at 15:22:09
17 verbose request id 533f9c4d4c9ddebb
18 verbose etag "EON8QGLLDZ92HX1JRTUUA2I89"
19 http request GET https://registry.npmjs.org/xml2json
20 http 304 https://registry.npmjs.org/xml2json
21 verbose headers { date: 'Sun, 07 Aug 2016 07:22:14 GMT',
21 verbose headers   via: '1.1 varnish',
21 verbose headers   'cache-control': 'max-age=300',
21 verbose headers   etag: '"EON8QGLLDZ92HX1JRTUUA2I89"',
21 verbose headers   age: '171',
21 verbose headers   connection: 'keep-alive',
21 verbose headers   'x-served-by': 'cache-lcy1133-LCY',
21 verbose headers   'x-cache': 'HIT',
21 verbose headers   'x-cache-hits': '1',
21 verbose headers   'x-timer': 'S1470554534.675580,VS0,VE0',
21 verbose headers   vary: 'Accept-Encoding' }
22 silly get cb [ 304,
22 silly get   { date: 'Sun, 07 Aug 2016 07:22:14 GMT',
22 silly get     via: '1.1 varnish',
22 silly get     'cache-control': 'max-age=300',
22 silly get     etag: '"EON8QGLLDZ92HX1JRTUUA2I89"',
22 silly get     age: '171',
22 silly get     connection: 'keep-alive',
22 silly get     'x-served-by': 'cache-lcy1133-LCY',
22 silly get     'x-cache': 'HIT',
22 silly get     'x-cache-hits': '1',
22 silly get     'x-timer': 'S1470554534.675580,VS0,VE0',
22 silly get     vary: 'Accept-Encoding' } ]
23 verbose etag https://registry.npmjs.org/xml2json from cache
24 verbose get saving xml2json to C:\Users\Administrator\AppData\Roaming\npm-cache\registry.npmjs.org\xml2json\.cache.json
25 verbose correctMkdir C:\Users\Administrator\AppData\Roaming\npm-cache correctMkdir not in flight; initializing
26 silly install normalizeTree
27 silly loadCurrentTree Finishing
28 silly loadIdealTree Starting
29 silly install loadIdealTree
30 silly cloneCurrentTree Starting
31 silly install cloneCurrentTreeToIdealTree
32 silly cloneCurrentTree Finishing
33 silly loadShrinkwrap Starting
34 silly install loadShrinkwrap
35 silly loadShrinkwrap Finishing
36 silly loadAllDepsIntoIdealTree Starting
37 silly install loadAllDepsIntoIdealTree
38 silly resolveWithNewModule xml2json@0.9.1 checking installable status
39 silly cache add args [ 'xml2json', null ]
40 verbose cache add spec xml2json
41 silly cache add parsed spec Result {
41 silly cache add   raw: 'xml2json',
41 silly cache add   scope: null,
41 silly cache add   escapedName: 'xml2json',
41 silly cache add   name: 'xml2json',
41 silly cache add   rawSpec: '',
41 silly cache add   spec: 'latest',
41 silly cache add   type: 'tag' }
42 silly addNamed xml2json@latest
43 verbose addNamed "latest" is being treated as a dist-tag for xml2json
44 info addNameTag [ 'xml2json', 'latest' ]
45 silly mapToRegistry name xml2json
46 silly mapToRegistry using default registry
47 silly mapToRegistry registry https://registry.npmjs.org/
48 silly mapToRegistry data Result {
48 silly mapToRegistry   raw: 'xml2json',
48 silly mapToRegistry   scope: null,
48 silly mapToRegistry   escapedName: 'xml2json',
48 silly mapToRegistry   name: 'xml2json',
48 silly mapToRegistry   rawSpec: '',
48 silly mapToRegistry   spec: 'latest',
48 silly mapToRegistry   type: 'tag' }
49 silly mapToRegistry uri https://registry.npmjs.org/xml2json
50 verbose addNameTag registry:https://registry.npmjs.org/xml2json not in flight; fetching
51 verbose get https://registry.npmjs.org/xml2json not expired, no request
52 silly addNameTag next cb for xml2json with tag latest
53 silly addNamed xml2json@0.9.1
54 verbose addNamed "0.9.1" is a plain semver version for xml2json
55 silly cache afterAdd xml2json@0.9.1
56 verbose afterAdd C:\Users\Administrator\AppData\Roaming\npm-cache\xml2json\0.9.1\package\package.json not in flight; writing
57 verbose correctMkdir C:\Users\Administrator\AppData\Roaming\npm-cache correctMkdir not in flight; initializing
58 verbose afterAdd C:\Users\Administrator\AppData\Roaming\npm-cache\xml2json\0.9.1\package\package.json written
59 silly fetchNamedPackageData node-expat
60 silly mapToRegistry name node-expat
61 silly mapToRegistry using default registry
62 silly mapToRegistry registry https://registry.npmjs.org/
63 silly mapToRegistry data Result {
63 silly mapToRegistry   raw: 'node-expat',
63 silly mapToRegistry   scope: null,
63 silly mapToRegistry   escapedName: 'node-expat',
63 silly mapToRegistry   name: 'node-expat',
63 silly mapToRegistry   rawSpec: '',
63 silly mapToRegistry   spec: 'latest',
63 silly mapToRegistry   type: 'tag' }
64 silly mapToRegistry uri https://registry.npmjs.org/node-expat
65 verbose request uri https://registry.npmjs.org/node-expat
66 verbose request no auth needed
67 info attempt registry request try #1 at 15:22:11
68 verbose etag "7B2MXJDNEB20NO12MOB2QYMO1"
69 http request GET https://registry.npmjs.org/node-expat
70 http 304 https://registry.npmjs.org/node-expat
71 verbose headers { date: 'Sun, 07 Aug 2016 07:22:16 GMT',
71 verbose headers   via: '1.1 varnish',
71 verbose headers   'cache-control': 'max-age=300',
71 verbose headers   etag: '"7B2MXJDNEB20NO12MOB2QYMO1"',
71 verbose headers   age: '171',
71 verbose headers   connection: 'keep-alive',
71 verbose headers   'x-served-by': 'cache-lcy1124-LCY',
71 verbose headers   'x-cache': 'HIT',
71 verbose headers   'x-cache-hits': '10',
71 verbose headers   'x-timer': 'S1470554536.734391,VS0,VE0',
71 verbose headers   vary: 'Accept-Encoding' }
72 silly get cb [ 304,
72 silly get   { date: 'Sun, 07 Aug 2016 07:22:16 GMT',
72 silly get     via: '1.1 varnish',
72 silly get     'cache-control': 'max-age=300',
72 silly get     etag: '"7B2MXJDNEB20NO12MOB2QYMO1"',
72 silly get     age: '171',
72 silly get     connection: 'keep-alive',
72 silly get     'x-served-by': 'cache-lcy1124-LCY',
72 silly get     'x-cache': 'HIT',
72 silly get     'x-cache-hits': '10',
72 silly get     'x-timer': 'S1470554536.734391,VS0,VE0',
72 silly get     vary: 'Accept-Encoding' } ]
73 verbose etag https://registry.npmjs.org/node-expat from cache
74 verbose get saving node-expat to C:\Users\Administrator\AppData\Roaming\npm-cache\registry.npmjs.org\node-expat\.cache.json
75 verbose correctMkdir C:\Users\Administrator\AppData\Roaming\npm-cache correctMkdir not in flight; initializing
76 silly resolveWithNewModule node-expat@2.3.15 checking installable status
77 silly cache add args [ 'node-expat@^2.3.9', null ]
78 verbose cache add spec node-expat@^2.3.9
79 silly cache add parsed spec Result {
79 silly cache add   raw: 'node-expat@^2.3.9',
79 silly cache add   scope: null,
79 silly cache add   escapedName: 'node-expat',
79 silly cache add   name: 'node-expat',
79 silly cache add   rawSpec: '^2.3.9',
79 silly cache add   spec: '>=2.3.9 <3.0.0',
79 silly cache add   type: 'range' }
80 silly addNamed node-expat@>=2.3.9 <3.0.0
81 verbose addNamed ">=2.3.9 <3.0.0" is a valid semver range for node-expat
82 silly addNameRange { name: 'node-expat', range: '>=2.3.9 <3.0.0', hasData: false }
83 silly mapToRegistry name node-expat
84 silly mapToRegistry using default registry
85 silly mapToRegistry registry https://registry.npmjs.org/
86 silly mapToRegistry data Result {
86 silly mapToRegistry   raw: 'node-expat',
86 silly mapToRegistry   scope: null,
86 silly mapToRegistry   escapedName: 'node-expat',
86 silly mapToRegistry   name: 'node-expat',
86 silly mapToRegistry   rawSpec: '',
86 silly mapToRegistry   spec: 'latest',
86 silly mapToRegistry   type: 'tag' }
87 silly mapToRegistry uri https://registry.npmjs.org/node-expat
88 verbose addNameRange registry:https://registry.npmjs.org/node-expat not in flight; fetching
89 verbose get https://registry.npmjs.org/node-expat not expired, no request
90 silly addNameRange number 2 { name: 'node-expat', range: '>=2.3.9 <3.0.0', hasData: true }
91 silly addNameRange versions [ 'node-expat',
91 silly addNameRange   [ '0.0.4',
91 silly addNameRange     '0.0.5',
91 silly addNameRange     '0.0.6',
91 silly addNameRange     '1.0.0',
91 silly addNameRange     '1.0.1',
91 silly addNameRange     '1.1.0',
91 silly addNameRange     '1.1.1',
91 silly addNameRange     '1.2.0',
91 silly addNameRange     '1.3.0',
91 silly addNameRange     '1.3.1',
91 silly addNameRange     '1.3.2',
91 silly addNameRange     '1.4.0',
91 silly addNameRange     '1.4.1',
91 silly addNameRange     '1.4.2',
91 silly addNameRange     '1.4.3',
91 silly addNameRange     '1.4.4',
91 silly addNameRange     '1.4.5',
91 silly addNameRange     '1.5.0',
91 silly addNameRange     '1.6.0',
91 silly addNameRange     '1.6.1',
91 silly addNameRange     '2.0.0',
91 silly addNameRange     '2.1.0',
91 silly addNameRange     '2.1.1',
91 silly addNameRange     '2.1.2',
91 silly addNameRange     '2.1.3',
91 silly addNameRange     '2.1.4',
91 silly addNameRange     '2.2.0',
91 silly addNameRange     '2.3.0',
91 silly addNameRange     '2.3.1',
91 silly addNameRange     '2.3.2',
91 silly addNameRange     '2.3.3',
91 silly addNameRange     '2.3.4',
91 silly addNameRange     '2.3.5',
91 silly addNameRange     '2.3.6',
91 silly addNameRange     '2.3.7',
91 silly addNameRange     '2.3.8',
91 silly addNameRange     '2.3.9',
91 silly addNameRange     '2.3.10',
91 silly addNameRange     '2.3.11',
91 silly addNameRange     '2.3.12',
91 silly addNameRange     '2.3.13',
91 silly addNameRange     '2.3.14',
91 silly addNameRange     '2.3.15' ] ]
92 silly addNamed node-expat@2.3.15
93 verbose addNamed "2.3.15" is a plain semver version for node-expat
94 silly cache afterAdd node-expat@2.3.15
95 verbose afterAdd C:\Users\Administrator\AppData\Roaming\npm-cache\node-expat\2.3.15\package\package.json not in flight; writing
96 verbose correctMkdir C:\Users\Administrator\AppData\Roaming\npm-cache correctMkdir not in flight; initializing
97 verbose afterAdd C:\Users\Administrator\AppData\Roaming\npm-cache\node-expat\2.3.15\package\package.json written
98 silly fetchNamedPackageData bindings
99 silly mapToRegistry name bindings
100 silly mapToRegistry using default registry
101 silly mapToRegistry registry https://registry.npmjs.org/
102 silly mapToRegistry data Result {
102 silly mapToRegistry   raw: 'bindings',
102 silly mapToRegistry   scope: null,
102 silly mapToRegistry   escapedName: 'bindings',
102 silly mapToRegistry   name: 'bindings',
102 silly mapToRegistry   rawSpec: '',
102 silly mapToRegistry   spec: 'latest',
102 silly mapToRegistry   type: 'tag' }
103 silly mapToRegistry uri https://registry.npmjs.org/bindings
104 silly fetchNamedPackageData nan
105 silly mapToRegistry name nan
106 silly mapToRegistry using default registry
107 silly mapToRegistry registry https://registry.npmjs.org/
108 silly mapToRegistry data Result {
108 silly mapToRegistry   raw: 'nan',
108 silly mapToRegistry   scope: null,
108 silly mapToRegistry   escapedName: 'nan',
108 silly mapToRegistry   name: 'nan',
108 silly mapToRegistry   rawSpec: '',
108 silly mapToRegistry   spec: 'latest',
108 silly mapToRegistry   type: 'tag' }
109 silly mapToRegistry uri https://registry.npmjs.org/nan
110 verbose request uri https://registry.npmjs.org/bindings
111 verbose request no auth needed
112 info attempt registry request try #1 at 15:22:13
113 verbose etag "33TX4J3DNTGF7K41ZUV6OA182"
114 http request GET https://registry.npmjs.org/bindings
115 verbose request uri https://registry.npmjs.org/nan
116 verbose request no auth needed
117 info attempt registry request try #1 at 15:22:13
118 verbose etag "EGTR1APXEV7TH8V3QYT0WN357"
119 http request GET https://registry.npmjs.org/nan
120 http 304 https://registry.npmjs.org/bindings
121 verbose headers { date: 'Sun, 07 Aug 2016 07:22:17 GMT',
121 verbose headers   via: '1.1 varnish',
121 verbose headers   'cache-control': 'max-age=300',
121 verbose headers   etag: '"33TX4J3DNTGF7K41ZUV6OA182"',
121 verbose headers   age: '52',
121 verbose headers   connection: 'keep-alive',
121 verbose headers   'x-served-by': 'cache-lcy1132-LCY',
121 verbose headers   'x-cache': 'HIT',
121 verbose headers   'x-cache-hits': '1',
121 verbose headers   'x-timer': 'S1470554537.833073,VS0,VE0',
121 verbose headers   vary: 'Accept-Encoding' }
122 silly get cb [ 304,
122 silly get   { date: 'Sun, 07 Aug 2016 07:22:17 GMT',
122 silly get     via: '1.1 varnish',
122 silly get     'cache-control': 'max-age=300',
122 silly get     etag: '"33TX4J3DNTGF7K41ZUV6OA182"',
122 silly get     age: '52',
122 silly get     connection: 'keep-alive',
122 silly get     'x-served-by': 'cache-lcy1132-LCY',
122 silly get     'x-cache': 'HIT',
122 silly get     'x-cache-hits': '1',
122 silly get     'x-timer': 'S1470554537.833073,VS0,VE0',
122 silly get     vary: 'Accept-Encoding' } ]
123 verbose etag https://registry.npmjs.org/bindings from cache
124 verbose get saving bindings to C:\Users\Administrator\AppData\Roaming\npm-cache\registry.npmjs.org\bindings\.cache.json
125 verbose correctMkdir C:\Users\Administrator\AppData\Roaming\npm-cache correctMkdir not in flight; initializing
126 silly resolveWithNewModule bindings@1.2.1 checking installable status
127 silly cache add args [ 'bindings@^1.2.1', null ]
128 verbose cache add spec bindings@^1.2.1
129 silly cache add parsed spec Result {
129 silly cache add   raw: 'bindings@^1.2.1',
129 silly cache add   scope: null,
129 silly cache add   escapedName: 'bindings',
129 silly cache add   name: 'bindings',
129 silly cache add   rawSpec: '^1.2.1',
129 silly cache add   spec: '>=1.2.1 <2.0.0',
129 silly cache add   type: 'range' }
130 silly addNamed bindings@>=1.2.1 <2.0.0
131 verbose addNamed ">=1.2.1 <2.0.0" is a valid semver range for bindings
132 silly addNameRange { name: 'bindings', range: '>=1.2.1 <2.0.0', hasData: false }
133 silly mapToRegistry name bindings
134 silly mapToRegistry using default registry
135 silly mapToRegistry registry https://registry.npmjs.org/
136 silly mapToRegistry data Result {
136 silly mapToRegistry   raw: 'bindings',
136 silly mapToRegistry   scope: null,
136 silly mapToRegistry   escapedName: 'bindings',
136 silly mapToRegistry   name: 'bindings',
136 silly mapToRegistry   rawSpec: '',
136 silly mapToRegistry   spec: 'latest',
136 silly mapToRegistry   type: 'tag' }
137 silly mapToRegistry uri https://registry.npmjs.org/bindings
138 verbose addNameRange registry:https://registry.npmjs.org/bindings not in flight; fetching
139 verbose get https://registry.npmjs.org/bindings not expired, no request
140 silly addNameRange number 2 { name: 'bindings', range: '>=1.2.1 <2.0.0', hasData: true }
141 silly addNameRange versions [ 'bindings',
141 silly addNameRange   [ '0.0.1',
141 silly addNameRange     '0.1.0',
141 silly addNameRange     '0.1.1',
141 silly addNameRange     '0.2.0',
141 silly addNameRange     '0.2.1',
141 silly addNameRange     '0.2.2',
141 silly addNameRange     '0.2.3',
141 silly addNameRange     '0.2.4',
141 silly addNameRange     '0.3.0',
141 silly addNameRange     '0.4.0',
141 silly addNameRange     '1.0.0',
141 silly addNameRange     '1.1.0',
141 silly addNameRange     '1.1.1',
141 silly addNameRange     '1.2.0',
141 silly addNameRange     '1.2.1' ] ]
142 silly addNamed bindings@1.2.1
143 verbose addNamed "1.2.1" is a plain semver version for bindings
144 http 304 https://registry.npmjs.org/nan
145 verbose headers { date: 'Sun, 07 Aug 2016 07:22:17 GMT',
145 verbose headers   via: '1.1 varnish',
145 verbose headers   'cache-control': 'max-age=300',
145 verbose headers   etag: '"EGTR1APXEV7TH8V3QYT0WN357"',
145 verbose headers   age: '103',
145 verbose headers   connection: 'keep-alive',
145 verbose headers   'x-served-by': 'cache-lcy1120-LCY',
145 verbose headers   'x-cache': 'HIT',
145 verbose headers   'x-cache-hits': '1',
145 verbose headers   'x-timer': 'S1470554537.835435,VS0,VE0',
145 verbose headers   vary: 'Accept-Encoding' }
146 silly get cb [ 304,
146 silly get   { date: 'Sun, 07 Aug 2016 07:22:17 GMT',
146 silly get     via: '1.1 varnish',
146 silly get     'cache-control': 'max-age=300',
146 silly get     etag: '"EGTR1APXEV7TH8V3QYT0WN357"',
146 silly get     age: '103',
146 silly get     connection: 'keep-alive',
146 silly get     'x-served-by': 'cache-lcy1120-LCY',
146 silly get     'x-cache': 'HIT',
146 silly get     'x-cache-hits': '1',
146 silly get     'x-timer': 'S1470554537.835435,VS0,VE0',
146 silly get     vary: 'Accept-Encoding' } ]
147 verbose etag https://registry.npmjs.org/nan from cache
148 verbose get saving nan to C:\Users\Administrator\AppData\Roaming\npm-cache\registry.npmjs.org\nan\.cache.json
149 verbose correctMkdir C:\Users\Administrator\AppData\Roaming\npm-cache correctMkdir not in flight; initializing
150 silly cache afterAdd bindings@1.2.1
151 verbose afterAdd C:\Users\Administrator\AppData\Roaming\npm-cache\bindings\1.2.1\package\package.json not in flight; writing
152 verbose correctMkdir C:\Users\Administrator\AppData\Roaming\npm-cache correctMkdir not in flight; initializing
153 verbose afterAdd C:\Users\Administrator\AppData\Roaming\npm-cache\bindings\1.2.1\package\package.json written
154 silly resolveWithNewModule nan@2.4.0 checking installable status
155 silly cache add args [ 'nan@^2.3.5', null ]
156 verbose cache add spec nan@^2.3.5
157 silly cache add parsed spec Result {
157 silly cache add   raw: 'nan@^2.3.5',
157 silly cache add   scope: null,
157 silly cache add   escapedName: 'nan',
157 silly cache add   name: 'nan',
157 silly cache add   rawSpec: '^2.3.5',
157 silly cache add   spec: '>=2.3.5 <3.0.0',
157 silly cache add   type: 'range' }
158 silly addNamed nan@>=2.3.5 <3.0.0
159 verbose addNamed ">=2.3.5 <3.0.0" is a valid semver range for nan
160 silly addNameRange { name: 'nan', range: '>=2.3.5 <3.0.0', hasData: false }
161 silly mapToRegistry name nan
162 silly mapToRegistry using default registry
163 silly mapToRegistry registry https://registry.npmjs.org/
164 silly mapToRegistry data Result {
164 silly mapToRegistry   raw: 'nan',
164 silly mapToRegistry   scope: null,
164 silly mapToRegistry   escapedName: 'nan',
164 silly mapToRegistry   name: 'nan',
164 silly mapToRegistry   rawSpec: '',
164 silly mapToRegistry   spec: 'latest',
164 silly mapToRegistry   type: 'tag' }
165 silly mapToRegistry uri https://registry.npmjs.org/nan
166 verbose addNameRange registry:https://registry.npmjs.org/nan not in flight; fetching
167 verbose get https://registry.npmjs.org/nan not expired, no request
168 silly addNameRange number 2 { name: 'nan', range: '>=2.3.5 <3.0.0', hasData: true }
169 silly addNameRange versions [ 'nan',
169 silly addNameRange   [ '0.3.0-wip',
169 silly addNameRange     '0.3.0-wip2',
169 silly addNameRange     '0.3.0',
169 silly addNameRange     '0.3.1',
169 silly addNameRange     '0.3.2',
169 silly addNameRange     '0.4.0',
169 silly addNameRange     '0.4.1',
169 silly addNameRange     '0.4.2',
169 silly addNameRange     '0.4.3',
169 silly addNameRange     '0.4.4',
169 silly addNameRange     '0.5.0',
169 silly addNameRange     '0.5.1',
169 silly addNameRange     '0.5.2',
169 silly addNameRange     '0.6.0',
169 silly addNameRange     '0.7.0',
169 silly addNameRange     '0.7.1',
169 silly addNameRange     '0.8.0',
169 silly addNameRange     '1.0.0',
169 silly addNameRange     '1.1.0',
169 silly addNameRange     '1.1.1',
169 silly addNameRange     '1.1.2',
169 silly addNameRange     '1.2.0',
169 silly addNameRange     '1.3.0',
169 silly addNameRange     '1.4.0',
169 silly addNameRange     '1.4.1',
169 silly addNameRange     '1.5.0',
169 silly addNameRange     '1.4.2',
169 silly addNameRange     '1.4.3',
169 silly addNameRange     '1.5.1',
169 silly addNameRange     '1.5.2',
169 silly addNameRange     '1.6.0',
169 silly addNameRange     '1.5.3',
169 silly addNameRange     '1.6.1',
169 silly addNameRange     '1.6.2',
169 silly addNameRange     '1.7.0',
169 silly addNameRange     '1.8.0',
169 silly addNameRange     '1.8.1',
169 silly addNameRange     '1.8.2',
169 silly addNameRange     '1.8.3',
169 silly addNameRange     '1.8.4',
169 silly addNameRange     '1.9.0',
169 silly addNameRange     '2.0.0',
169 silly addNameRange     '2.0.1',
169 silly addNameRange     '2.0.2',
169 silly addNameRange     '2.0.3',
169 silly addNameRange     '2.0.4',
169 silly addNameRange     '2.0.5',
169 silly addNameRange     '2.0.6',
169 silly addNameRange     '2.0.7',
169 silly addNameRange     '2.0.8',
169 silly addNameRange     '2.0.9',
169 silly addNameRange     '2.1.0',
169 silly addNameRange     '2.2.0',
169 silly addNameRange     '2.2.1',
169 silly addNameRange     '2.3.0',
169 silly addNameRange     '2.3.1',
169 silly addNameRange     '2.3.2',
169 silly addNameRange     '2.3.3',
169 silly addNameRange     '2.3.4',
169 silly addNameRange     '2.3.5',
169 silly addNameRange     '2.4.0' ] ]
170 silly addNamed nan@2.4.0
171 verbose addNamed "2.4.0" is a plain semver version for nan
172 silly cache afterAdd nan@2.4.0
173 verbose afterAdd C:\Users\Administrator\AppData\Roaming\npm-cache\nan\2.4.0\package\package.json not in flight; writing
174 verbose correctMkdir C:\Users\Administrator\AppData\Roaming\npm-cache correctMkdir not in flight; initializing
175 verbose afterAdd C:\Users\Administrator\AppData\Roaming\npm-cache\nan\2.4.0\package\package.json written
176 silly loadAllDepsIntoIdealTree Finishing
177 silly loadIdealTree Finishing
178 silly currentTree web
178 silly currentTree +-- hoek@2.16.3
178 silly currentTree +-- isemail@1.2.0
178 silly currentTree +-- joi@6.10.1
178 silly currentTree +-- jquery@3.0.0
178 silly currentTree +-- moment@2.14.1
178 silly currentTree +-- python@0.0.4
178 silly currentTree `-- topo@1.1.0
179 silly idealTree web
179 silly idealTree +-- bindings@1.2.1
179 silly idealTree +-- hoek@2.16.3
179 silly idealTree +-- isemail@1.2.0
179 silly idealTree +-- joi@6.10.1
179 silly idealTree +-- jquery@3.0.0
179 silly idealTree +-- moment@2.14.1
179 silly idealTree +-- nan@2.4.0
179 silly idealTree +-- node-expat@2.3.15
179 silly idealTree +-- python@0.0.4
179 silly idealTree +-- topo@1.1.0
179 silly idealTree `-- xml2json@0.9.1
180 silly generateActionsToTake Starting
181 silly install generateActionsToTake
182 silly generateActionsToTake Finishing
183 silly diffTrees action count 4
184 silly diffTrees add bindings@1.2.1
185 silly diffTrees add nan@2.4.0
186 silly diffTrees add node-expat@2.3.15
187 silly diffTrees add xml2json@0.9.1
188 silly decomposeActions action count 32
189 silly decomposeActions fetch bindings@1.2.1
190 silly decomposeActions extract bindings@1.2.1
191 silly decomposeActions test bindings@1.2.1
192 silly decomposeActions preinstall bindings@1.2.1
193 silly decomposeActions build bindings@1.2.1
194 silly decomposeActions install bindings@1.2.1
195 silly decomposeActions postinstall bindings@1.2.1
196 silly decomposeActions finalize bindings@1.2.1
197 silly decomposeActions fetch nan@2.4.0
198 silly decomposeActions extract nan@2.4.0
199 silly decomposeActions test nan@2.4.0
200 silly decomposeActions preinstall nan@2.4.0
201 silly decomposeActions build nan@2.4.0
202 silly decomposeActions install nan@2.4.0
203 silly decomposeActions postinstall nan@2.4.0
204 silly decomposeActions finalize nan@2.4.0
205 silly decomposeActions fetch node-expat@2.3.15
206 silly decomposeActions extract node-expat@2.3.15
207 silly decomposeActions test node-expat@2.3.15
208 silly decomposeActions preinstall node-expat@2.3.15
209 silly decomposeActions build node-expat@2.3.15
210 silly decomposeActions install node-expat@2.3.15
211 silly decomposeActions postinstall node-expat@2.3.15
212 silly decomposeActions finalize node-expat@2.3.15
213 silly decomposeActions fetch xml2json@0.9.1
214 silly decomposeActions extract xml2json@0.9.1
215 silly decomposeActions test xml2json@0.9.1
216 silly decomposeActions preinstall xml2json@0.9.1
217 silly decomposeActions build xml2json@0.9.1
218 silly decomposeActions install xml2json@0.9.1
219 silly decomposeActions postinstall xml2json@0.9.1
220 silly decomposeActions finalize xml2json@0.9.1
221 silly executeActions Starting
222 silly install executeActions
223 silly doSerial global-install 0
224 silly doParallel fetch 4
225 verbose correctMkdir C:\Users\Administrator\AppData\Roaming\npm-cache\_locks correctMkdir not in flight; initializing
226 verbose lock using C:\Users\Administrator\AppData\Roaming\npm-cache\_locks\staging-e67060c4f90d4576.lock for F:\web\node_modules\.staging
227 silly doParallel extract 4
228 silly extract bindings@1.2.1
229 silly extract nan@2.4.0
230 silly extract node-expat@2.3.15
231 silly extract xml2json@0.9.1
232 verbose unbuild node_modules\.staging\bindings-c5dfddb3
233 verbose unbuild node_modules\.staging\nan-8d2861ed
234 verbose unbuild node_modules\.staging\node-expat-08caf844
235 verbose unbuild node_modules\.staging\xml2json-4bf4cfaa
236 silly gentlyRm F:\web\node_modules\.staging\bindings-c5dfddb3 is being purged from base F:\web
237 verbose gentlyRm don't care about contents; nuking F:\web\node_modules\.staging\bindings-c5dfddb3
238 silly gentlyRm F:\web\node_modules\.staging\nan-8d2861ed is being purged from base F:\web
239 verbose gentlyRm don't care about contents; nuking F:\web\node_modules\.staging\nan-8d2861ed
240 silly gentlyRm F:\web\node_modules\.staging\node-expat-08caf844 is being purged from base F:\web
241 verbose gentlyRm don't care about contents; nuking F:\web\node_modules\.staging\node-expat-08caf844
242 verbose tar unpack C:\Users\Administrator\AppData\Roaming\npm-cache\bindings\1.2.1\package.tgz
243 verbose tar unpacking to F:\web\node_modules\.staging\bindings-c5dfddb3
244 silly gentlyRm F:\web\node_modules\.staging\bindings-c5dfddb3 is being purged
245 verbose gentlyRm don't care about contents; nuking F:\web\node_modules\.staging\bindings-c5dfddb3
246 silly gentlyRm F:\web\node_modules\.staging\xml2json-4bf4cfaa is being purged from base F:\web
247 verbose gentlyRm don't care about contents; nuking F:\web\node_modules\.staging\xml2json-4bf4cfaa
248 verbose tar unpack C:\Users\Administrator\AppData\Roaming\npm-cache\nan\2.4.0\package.tgz
249 verbose tar unpacking to F:\web\node_modules\.staging\nan-8d2861ed
250 silly gentlyRm F:\web\node_modules\.staging\nan-8d2861ed is being purged
251 verbose gentlyRm don't care about contents; nuking F:\web\node_modules\.staging\nan-8d2861ed
252 verbose tar unpack C:\Users\Administrator\AppData\Roaming\npm-cache\node-expat\2.3.15\package.tgz
253 verbose tar unpacking to F:\web\node_modules\.staging\node-expat-08caf844
254 silly gentlyRm F:\web\node_modules\.staging\node-expat-08caf844 is being purged
255 verbose gentlyRm don't care about contents; nuking F:\web\node_modules\.staging\node-expat-08caf844
256 silly gunzTarPerm modes [ '777', '666' ]
257 verbose tar unpack C:\Users\Administrator\AppData\Roaming\npm-cache\xml2json\0.9.1\package.tgz
258 verbose tar unpacking to F:\web\node_modules\.staging\xml2json-4bf4cfaa
259 silly gentlyRm F:\web\node_modules\.staging\xml2json-4bf4cfaa is being purged
260 verbose gentlyRm don't care about contents; nuking F:\web\node_modules\.staging\xml2json-4bf4cfaa
261 silly gunzTarPerm modes [ '777', '666' ]
262 silly gunzTarPerm modes [ '777', '666' ]
263 silly gunzTarPerm modes [ '777', '666' ]
264 silly gunzTarPerm extractEntry package.json
265 silly gunzTarPerm modified mode [ 'package.json', 420, 438 ]
266 silly gunzTarPerm extractEntry package.json
267 silly gunzTarPerm modified mode [ 'package.json', 436, 438 ]
268 silly gunzTarPerm extractEntry package.json
269 silly gunzTarPerm modified mode [ 'package.json', 420, 438 ]
270 silly gunzTarPerm extractEntry package.json
271 silly gunzTarPerm modified mode [ 'package.json', 420, 438 ]
272 silly gunzTarPerm extractEntry README.md
273 silly gunzTarPerm modified mode [ 'README.md', 420, 438 ]
274 silly gunzTarPerm extractEntry bindings.js
275 silly gunzTarPerm modified mode [ 'bindings.js', 420, 438 ]
276 silly gunzTarPerm extractEntry README.md
277 silly gunzTarPerm modified mode [ 'README.md', 436, 438 ]
278 silly gunzTarPerm extractEntry README.md
279 silly gunzTarPerm modified mode [ 'README.md', 420, 438 ]
280 silly gunzTarPerm extractEntry LICENSE
281 silly gunzTarPerm modified mode [ 'LICENSE', 420, 438 ]
282 silly gunzTarPerm extractEntry include_dirs.js
283 silly gunzTarPerm modified mode [ 'include_dirs.js', 436, 438 ]
284 silly gunzTarPerm extractEntry .npmignore
285 silly gunzTarPerm modified mode [ '.npmignore', 420, 438 ]
286 silly gunzTarPerm extractEntry README.md
287 silly gunzTarPerm modified mode [ 'README.md', 420, 438 ]
288 silly gunzTarPerm extractEntry index.js
289 silly gunzTarPerm modified mode [ 'index.js', 420, 438 ]
290 silly gunzTarPerm extractEntry t.js
291 silly gunzTarPerm modified mode [ 't.js', 420, 438 ]
292 silly gunzTarPerm extractEntry binding.gyp
293 silly gunzTarPerm modified mode [ 'binding.gyp', 420, 438 ]
294 silly gunzTarPerm extractEntry deps/libexpat/README
295 silly gunzTarPerm modified mode [ 'deps/libexpat/README', 420, 438 ]
296 silly gunzTarPerm extractEntry nan_callbacks_pre_12_inl.h
297 silly gunzTarPerm modified mode [ 'nan_callbacks_pre_12_inl.h', 436, 438 ]
298 silly gunzTarPerm extractEntry CHANGELOG.md
299 silly gunzTarPerm modified mode [ 'CHANGELOG.md', 436, 438 ]
300 silly gunzTarPerm extractEntry LICENSE.md
301 silly gunzTarPerm modified mode [ 'LICENSE.md', 436, 438 ]
302 silly gunzTarPerm extractEntry doc/node_misc.md
303 silly gunzTarPerm modified mode [ 'doc/node_misc.md', 436, 438 ]
304 silly gunzTarPerm extractEntry bin/xml2json
305 silly gunzTarPerm modified mode [ 'bin/xml2json', 420, 438 ]
306 silly gunzTarPerm extractEntry AUTHORS
307 silly gunzTarPerm modified mode [ 'AUTHORS', 420, 438 ]
308 silly gunzTarPerm extractEntry deps/libexpat/doc/expat.png
309 silly gunzTarPerm modified mode [ 'deps/libexpat/doc/expat.png', 420, 438 ]
310 silly gunzTarPerm extractEntry doc/asyncworker.md
311 silly gunzTarPerm modified mode [ 'doc/asyncworker.md', 436, 438 ]
312 silly gunzTarPerm extractEntry doc/callback.md
313 silly gunzTarPerm modified mode [ 'doc/callback.md', 436, 438 ]
314 silly gunzTarPerm extractEntry lib/index.js
315 silly gunzTarPerm modified mode [ 'lib/index.js', 420, 438 ]
316 silly gunzTarPerm extractEntry lib/json2xml.js
317 silly gunzTarPerm modified mode [ 'lib/json2xml.js', 420, 438 ]
318 silly gunzTarPerm extractEntry deps/libexpat/doc/reference.html
319 silly gunzTarPerm modified mode [ 'deps/libexpat/doc/reference.html', 420, 438 ]
320 silly gunzTarPerm extractEntry deps/libexpat/doc/style.css
321 silly gunzTarPerm modified mode [ 'deps/libexpat/doc/style.css', 420, 438 ]
322 silly gunzTarPerm extractEntry doc/converters.md
323 silly gunzTarPerm modified mode [ 'doc/converters.md', 436, 438 ]
324 silly gunzTarPerm extractEntry doc/errors.md
325 silly gunzTarPerm modified mode [ 'doc/errors.md', 436, 438 ]
326 silly gunzTarPerm extractEntry lib/sanitize.js
327 silly gunzTarPerm modified mode [ 'lib/sanitize.js', 420, 438 ]
328 silly gunzTarPerm extractEntry lib/xml2json.js
329 silly gunzTarPerm modified mode [ 'lib/xml2json.js', 420, 438 ]
330 silly gunzTarPerm extractEntry .editorconfig
331 silly gunzTarPerm modified mode [ '.editorconfig', 436, 438 ]
332 silly gunzTarPerm extractEntry .travis.yml
333 silly gunzTarPerm modified mode [ '.travis.yml', 420, 438 ]
334 silly gunzTarPerm extractEntry test/.npmignore
335 silly gunzTarPerm modified mode [ 'test/.npmignore', 420, 438 ]
336 silly gunzTarPerm extractEntry test/coerce-overhead.js
337 silly gunzTarPerm modified mode [ 'test/coerce-overhead.js', 420, 438 ]
338 silly gunzTarPerm extractEntry test/test-reorder.js
339 silly gunzTarPerm modified mode [ 'test/test-reorder.js', 420, 438 ]
340 silly gunzTarPerm extractEntry test/test-space.js
341 silly gunzTarPerm modified mode [ 'test/test-space.js', 420, 438 ]
342 silly gunzTarPerm extractEntry test/test-xmlsanitize.js
343 silly gunzTarPerm modified mode [ 'test/test-xmlsanitize.js', 420, 438 ]
344 silly gunzTarPerm extractEntry test/test.js
345 silly gunzTarPerm modified mode [ 'test/test.js', 420, 438 ]
346 silly gunzTarPerm extractEntry test/fixtures/large.xml
347 silly gunzTarPerm modified mode [ 'test/fixtures/large.xml', 420, 438 ]
348 silly gunzTarPerm extractEntry test/fixtures/array-notation.json
349 silly gunzTarPerm modified mode [ 'test/fixtures/array-notation.json', 420, 438 ]
350 silly gunzTarPerm extractEntry test/fixtures/coerce.json
351 silly gunzTarPerm modified mode [ 'test/fixtures/coerce.json', 420, 438 ]
352 silly gunzTarPerm extractEntry test/fixtures/coerce.xml
353 silly gunzTarPerm modified mode [ 'test/fixtures/coerce.xml', 420, 438 ]
354 silly gunzTarPerm extractEntry test/fixtures/domain-reversible.json
355 silly gunzTarPerm modified mode [ 'test/fixtures/domain-reversible.json', 420, 438 ]
356 silly gunzTarPerm extractEntry test/fixtures/domain.json
357 silly gunzTarPerm modified mode [ 'test/fixtures/domain.json', 420, 438 ]
358 silly gunzTarPerm extractEntry test/fixtures/domain.xml
359 silly gunzTarPerm modified mode [ 'test/fixtures/domain.xml', 420, 438 ]
360 silly gunzTarPerm extractEntry test/fixtures/large.json
361 silly gunzTarPerm modified mode [ 'test/fixtures/large.json', 420, 438 ]
362 silly gunzTarPerm extractEntry test/fixtures/array-notation.xml
363 silly gunzTarPerm modified mode [ 'test/fixtures/array-notation.xml', 420, 438 ]
364 silly gunzTarPerm extractEntry test/fixtures/reorder.json
365 silly gunzTarPerm modified mode [ 'test/fixtures/reorder.json', 420, 438 ]
366 silly gunzTarPerm extractEntry test/fixtures/reorder.xml
367 silly gunzTarPerm modified mode [ 'test/fixtures/reorder.xml', 420, 438 ]
368 silly gunzTarPerm extractEntry test/fixtures/spacetext.json
369 silly gunzTarPerm modified mode [ 'test/fixtures/spacetext.json', 420, 438 ]
370 silly gunzTarPerm extractEntry test/fixtures/spacetext.xml
371 silly gunzTarPerm modified mode [ 'test/fixtures/spacetext.xml', 420, 438 ]
372 silly gunzTarPerm extractEntry test/fixtures/xmlsanitize.json
373 silly gunzTarPerm modified mode [ 'test/fixtures/xmlsanitize.json', 420, 438 ]
374 silly gunzTarPerm extractEntry test/fixtures/xmlsanitize.xml
375 silly gunzTarPerm modified mode [ 'test/fixtures/xmlsanitize.xml', 420, 438 ]
376 silly gunzTarPerm extractEntry test/fixtures/xmlsanitize2.json
377 silly gunzTarPerm modified mode [ 'test/fixtures/xmlsanitize2.json', 420, 438 ]
378 silly gunzTarPerm extractEntry test/fixtures/xmlsanitize2.xml
379 silly gunzTarPerm modified mode [ 'test/fixtures/xmlsanitize2.xml', 420, 438 ]
380 silly gunzTarPerm extractEntry deps/libexpat/doc/valid-xhtml10.png
381 silly gunzTarPerm modified mode [ 'deps/libexpat/doc/valid-xhtml10.png', 420, 438 ]
382 silly gunzTarPerm extractEntry deps/libexpat/doc/xmlwf.1
383 silly gunzTarPerm modified mode [ 'deps/libexpat/doc/xmlwf.1', 420, 438 ]
384 silly gentlyRm F:\web\node_modules\.staging\bindings-c5dfddb3\node_modules is being purged
385 verbose gentlyRm don't care about contents; nuking F:\web\node_modules\.staging\bindings-c5dfddb3\node_modules
386 silly gunzTarPerm extractEntry doc/maybe_types.md
387 silly gunzTarPerm modified mode [ 'doc/maybe_types.md', 436, 438 ]
388 silly gunzTarPerm extractEntry doc/methods.md
389 silly gunzTarPerm modified mode [ 'doc/methods.md', 436, 438 ]
390 silly gunzTarPerm extractEntry doc/new.md
391 silly gunzTarPerm modified mode [ 'doc/new.md', 436, 438 ]
392 silly gunzTarPerm extractEntry doc/buffers.md
393 silly gunzTarPerm modified mode [ 'doc/buffers.md', 436, 438 ]
394 silly gunzTarPerm extractEntry deps/libexpat/doc/xmlwf.sgml
395 silly gunzTarPerm modified mode [ 'deps/libexpat/doc/xmlwf.sgml', 420, 438 ]
396 silly gunzTarPerm extractEntry deps/libexpat/COPYING
397 silly gunzTarPerm modified mode [ 'deps/libexpat/COPYING', 420, 438 ]
398 silly gunzTarPerm extractEntry doc/object_wrappers.md
399 silly gunzTarPerm modified mode [ 'doc/object_wrappers.md', 436, 438 ]
400 silly gunzTarPerm extractEntry doc/persistent.md
401 silly gunzTarPerm modified mode [ 'doc/persistent.md', 436, 438 ]
402 silly gunzTarPerm extractEntry deps/libexpat/Changes
403 silly gunzTarPerm modified mode [ 'deps/libexpat/Changes', 420, 438 ]
404 silly gunzTarPerm extractEntry deps/libexpat/ConfigureChecks.cmake
405 silly gunzTarPerm modified mode [ 'deps/libexpat/ConfigureChecks.cmake', 493, 511 ]
406 silly gunzTarPerm extractEntry deps/libexpat/MANIFEST
407 silly gunzTarPerm modified mode [ 'deps/libexpat/MANIFEST', 420, 438 ]
408 silly gunzTarPerm extractEntry deps/libexpat/Makefile.in
409 silly gunzTarPerm modified mode [ 'deps/libexpat/Makefile.in', 420, 438 ]
410 silly gunzTarPerm extractEntry deps/libexpat/CMake.README
411 silly gunzTarPerm modified mode [ 'deps/libexpat/CMake.README', 493, 511 ]
412 silly gunzTarPerm extractEntry doc/scopes.md
413 silly gunzTarPerm modified mode [ 'doc/scopes.md', 436, 438 ]
414 silly gunzTarPerm extractEntry deps/libexpat/aclocal.m4
415 silly gunzTarPerm modified mode [ 'deps/libexpat/aclocal.m4', 420, 438 ]
416 silly gunzTarPerm extractEntry deps/libexpat/amiga/expat_68k_handler_stubs.c
417 silly gunzTarPerm modified mode [ 'deps/libexpat/amiga/expat_68k_handler_stubs.c', 493, 511 ]
418 silly gunzTarPerm extractEntry doc/script.md
419 silly gunzTarPerm modified mode [ 'doc/script.md', 436, 438 ]
420 silly gunzTarPerm extractEntry doc/string_bytes.md
421 silly gunzTarPerm modified mode [ 'doc/string_bytes.md', 436, 438 ]
422 silly gunzTarPerm extractEntry deps/libexpat/amiga/Makefile
423 silly gunzTarPerm modified mode [ 'deps/libexpat/amiga/Makefile', 420, 438 ]
424 silly gunzTarPerm extractEntry deps/libexpat/amiga/expat.xml
425 silly gunzTarPerm modified mode [ 'deps/libexpat/amiga/expat.xml', 420, 438 ]
426 silly gunzTarPerm extractEntry doc/v8_internals.md
427 silly gunzTarPerm modified mode [ 'doc/v8_internals.md', 436, 438 ]
428 silly gunzTarPerm extractEntry doc/v8_misc.md
429 silly gunzTarPerm modified mode [ 'doc/v8_misc.md', 436, 438 ]
430 silly gunzTarPerm extractEntry deps/libexpat/amiga/expat_68k.c
431 silly gunzTarPerm modified mode [ 'deps/libexpat/amiga/expat_68k.c', 420, 438 ]
432 silly gunzTarPerm extractEntry deps/libexpat/amiga/expat_68k.h
433 silly gunzTarPerm modified mode [ 'deps/libexpat/amiga/expat_68k.h', 493, 511 ]
434 silly gunzTarPerm extractEntry nan.h
435 silly gunzTarPerm modified mode [ 'nan.h', 436, 438 ]
436 silly gunzTarPerm extractEntry nan_callbacks.h
437 silly gunzTarPerm modified mode [ 'nan_callbacks.h', 436, 438 ]
438 silly gunzTarPerm extractEntry deps/libexpat/amiga/README.txt
439 silly gunzTarPerm modified mode [ 'deps/libexpat/amiga/README.txt', 420, 438 ]
440 silly gunzTarPerm extractEntry deps/libexpat/amiga/expat_base.h
441 silly gunzTarPerm modified mode [ 'deps/libexpat/amiga/expat_base.h', 420, 438 ]
442 silly gunzTarPerm extractEntry nan_callbacks_12_inl.h
443 silly gunzTarPerm modified mode [ 'nan_callbacks_12_inl.h', 436, 438 ]
444 silly gunzTarPerm extractEntry nan_converters.h
445 silly gunzTarPerm modified mode [ 'nan_converters.h', 436, 438 ]
446 silly gunzTarPerm extractEntry nan_converters_43_inl.h
447 silly gunzTarPerm modified mode [ 'nan_converters_43_inl.h', 436, 438 ]
448 silly gunzTarPerm extractEntry nan_converters_pre_43_inl.h
449 silly gunzTarPerm modified mode [ 'nan_converters_pre_43_inl.h', 436, 438 ]
450 silly gunzTarPerm extractEntry deps/libexpat/amiga/expat_lib.c
451 silly gunzTarPerm modified mode [ 'deps/libexpat/amiga/expat_lib.c', 493, 511 ]
452 silly gunzTarPerm extractEntry deps/libexpat/amiga/expat_vectors.c
453 silly gunzTarPerm modified mode [ 'deps/libexpat/amiga/expat_vectors.c', 420, 438 ]
454 silly gunzTarPerm extractEntry nan_implementation_12_inl.h
455 silly gunzTarPerm modified mode [ 'nan_implementation_12_inl.h', 436, 438 ]
456 silly gunzTarPerm extractEntry nan_implementation_pre_12_inl.h
457 silly gunzTarPerm modified mode [ 'nan_implementation_pre_12_inl.h', 436, 438 ]
458 silly gunzTarPerm extractEntry nan_maybe_43_inl.h
459 silly gunzTarPerm modified mode [ 'nan_maybe_43_inl.h', 436, 438 ]
460 silly gunzTarPerm extractEntry nan_maybe_pre_43_inl.h
461 silly gunzTarPerm modified mode [ 'nan_maybe_pre_43_inl.h', 436, 438 ]
462 silly gunzTarPerm extractEntry deps/libexpat/amiga/include/inline4/expat.h
463 silly gunzTarPerm modified mode [ 'deps/libexpat/amiga/include/inline4/expat.h', 420, 438 ]
464 silly gunzTarPerm extractEntry nan_new.h
465 silly gunzTarPerm modified mode [ 'nan_new.h', 436, 438 ]
466 silly gunzTarPerm extractEntry nan_object_wrap.h
467 silly gunzTarPerm modified mode [ 'nan_object_wrap.h', 436, 438 ]
468 silly gunzTarPerm extractEntry deps/libexpat/amiga/include/interfaces/expat.h
469 silly gunzTarPerm modified mode [ 'deps/libexpat/amiga/include/interfaces/expat.h', 420, 438 ]
470 silly gunzTarPerm extractEntry deps/libexpat/amiga/include/libraries/expat.h
471 silly gunzTarPerm modified mode [ 'deps/libexpat/amiga/include/libraries/expat.h', 420, 438 ]
472 silly gunzTarPerm extractEntry nan_persistent_12_inl.h
473 silly gunzTarPerm modified mode [ 'nan_persistent_12_inl.h', 436, 438 ]
474 silly gunzTarPerm extractEntry nan_persistent_pre_12_inl.h
475 silly gunzTarPerm modified mode [ 'nan_persistent_pre_12_inl.h', 436, 438 ]
476 silly gunzTarPerm extractEntry nan_string_bytes.h
477 silly gunzTarPerm modified mode [ 'nan_string_bytes.h', 436, 438 ]
478 silly gunzTarPerm extractEntry nan_typedarray_contents.h
479 silly gunzTarPerm modified mode [ 'nan_typedarray_contents.h', 436, 438 ]
480 silly gunzTarPerm extractEntry deps/libexpat/amiga/include/proto/expat.h
481 silly gunzTarPerm modified mode [ 'deps/libexpat/amiga/include/proto/expat.h', 420, 438 ]
482 silly gunzTarPerm extractEntry deps/libexpat/amiga/launch.c
483 silly gunzTarPerm modified mode [ 'deps/libexpat/amiga/launch.c', 493, 511 ]
484 silly gunzTarPerm extractEntry nan_weak.h
485 silly gunzTarPerm modified mode [ 'nan_weak.h', 436, 438 ]
486 silly gunzTarPerm extractEntry tools/package.json
487 silly gunzTarPerm modified mode [ 'tools/package.json', 436, 438 ]
488 silly gunzTarPerm extractEntry deps/libexpat/bcb5/expatw.mak
489 silly gunzTarPerm modified mode [ 'deps/libexpat/bcb5/expatw.mak', 420, 438 ]
490 silly gunzTarPerm extractEntry deps/libexpat/bcb5/README.txt
491 silly gunzTarPerm modified mode [ 'deps/libexpat/bcb5/README.txt', 420, 438 ]
492 silly gunzTarPerm extractEntry tools/README.md
493 silly gunzTarPerm modified mode [ 'tools/README.md', 436, 438 ]
494 silly gunzTarPerm extractEntry tools/1to2.js
495 silly gunzTarPerm modified mode [ 'tools/1to2.js', 509, 511 ]
496 silly gunzTarPerm extractEntry deps/libexpat/bcb5/elements.bpf
497 silly gunzTarPerm modified mode [ 'deps/libexpat/bcb5/elements.bpf', 420, 438 ]
498 silly gunzTarPerm extractEntry deps/libexpat/bcb5/elements.bpr
499 silly gunzTarPerm modified mode [ 'deps/libexpat/bcb5/elements.bpr', 420, 438 ]
500 silly gunzTarPerm extractEntry deps/libexpat/bcb5/elements.mak
501 silly gunzTarPerm modified mode [ 'deps/libexpat/bcb5/elements.mak', 420, 438 ]
502 silly gunzTarPerm extractEntry deps/libexpat/bcb5/expat.bpf
503 silly gunzTarPerm modified mode [ 'deps/libexpat/bcb5/expat.bpf', 420, 438 ]
504 silly gunzTarPerm extractEntry deps/libexpat/bcb5/expat.bpr
505 silly gunzTarPerm modified mode [ 'deps/libexpat/bcb5/expat.bpr', 420, 438 ]
506 silly gunzTarPerm extractEntry deps/libexpat/bcb5/expat.mak
507 silly gunzTarPerm modified mode [ 'deps/libexpat/bcb5/expat.mak', 420, 438 ]
508 silly gunzTarPerm extractEntry deps/libexpat/bcb5/expat_static.bpf
509 silly gunzTarPerm modified mode [ 'deps/libexpat/bcb5/expat_static.bpf', 420, 438 ]
510 silly gunzTarPerm extractEntry deps/libexpat/bcb5/expat_static.bpr
511 silly gunzTarPerm modified mode [ 'deps/libexpat/bcb5/expat_static.bpr', 420, 438 ]
512 silly gunzTarPerm extractEntry deps/libexpat/bcb5/expat_static.mak
513 silly gunzTarPerm modified mode [ 'deps/libexpat/bcb5/expat_static.mak', 420, 438 ]
514 silly gunzTarPerm extractEntry deps/libexpat/bcb5/expatw.bpf
515 silly gunzTarPerm modified mode [ 'deps/libexpat/bcb5/expatw.bpf', 420, 438 ]
516 silly gunzTarPerm extractEntry deps/libexpat/bcb5/expatw.bpr
517 silly gunzTarPerm modified mode [ 'deps/libexpat/bcb5/expatw.bpr', 420, 438 ]
518 silly gunzTarPerm extractEntry deps/libexpat/bcb5/all_projects.bpg
519 silly gunzTarPerm modified mode [ 'deps/libexpat/bcb5/all_projects.bpg', 420, 438 ]
520 silly gunzTarPerm extractEntry deps/libexpat/bcb5/expatw_static.bpf
521 silly gunzTarPerm modified mode [ 'deps/libexpat/bcb5/expatw_static.bpf', 420, 438 ]
522 silly gunzTarPerm extractEntry deps/libexpat/bcb5/expatw_static.bpr
523 silly gunzTarPerm modified mode [ 'deps/libexpat/bcb5/expatw_static.bpr', 420, 438 ]
524 silly gunzTarPerm extractEntry deps/libexpat/bcb5/expatw_static.mak
525 silly gunzTarPerm modified mode [ 'deps/libexpat/bcb5/expatw_static.mak', 420, 438 ]
526 silly gunzTarPerm extractEntry deps/libexpat/bcb5/libexpat_mtd.def
527 silly gunzTarPerm modified mode [ 'deps/libexpat/bcb5/libexpat_mtd.def', 420, 438 ]
528 silly gunzTarPerm extractEntry deps/libexpat/bcb5/libexpatw_mtd.def
529 silly gunzTarPerm modified mode [ 'deps/libexpat/bcb5/libexpatw_mtd.def', 420, 438 ]
530 silly gunzTarPerm extractEntry deps/libexpat/bcb5/makefile.mak
531 silly gunzTarPerm modified mode [ 'deps/libexpat/bcb5/makefile.mak', 420, 438 ]
532 silly gunzTarPerm extractEntry deps/libexpat/bcb5/outline.bpf
533 silly gunzTarPerm modified mode [ 'deps/libexpat/bcb5/outline.bpf', 420, 438 ]
534 silly gunzTarPerm extractEntry deps/libexpat/bcb5/outline.bpr
535 silly gunzTarPerm modified mode [ 'deps/libexpat/bcb5/outline.bpr', 420, 438 ]
536 silly gunzTarPerm extractEntry deps/libexpat/bcb5/outline.mak
537 silly gunzTarPerm modified mode [ 'deps/libexpat/bcb5/outline.mak', 420, 438 ]
538 silly gunzTarPerm extractEntry deps/libexpat/bcb5/setup.bat
539 silly gunzTarPerm modified mode [ 'deps/libexpat/bcb5/setup.bat', 420, 438 ]
540 silly gunzTarPerm extractEntry deps/libexpat/bcb5/xmlwf.bpf
541 silly gunzTarPerm modified mode [ 'deps/libexpat/bcb5/xmlwf.bpf', 420, 438 ]
542 silly gunzTarPerm extractEntry deps/libexpat/bcb5/xmlwf.bpr
543 silly gunzTarPerm modified mode [ 'deps/libexpat/bcb5/xmlwf.bpr', 420, 438 ]
544 silly gunzTarPerm extractEntry deps/libexpat/bcb5/xmlwf.mak
545 silly gunzTarPerm modified mode [ 'deps/libexpat/bcb5/xmlwf.mak', 420, 438 ]
546 silly gunzTarPerm extractEntry deps/libexpat/configure
547 silly gunzTarPerm modified mode [ 'deps/libexpat/configure', 493, 511 ]
548 silly gunzTarPerm extractEntry deps/libexpat/configure.in
549 silly gunzTarPerm modified mode [ 'deps/libexpat/configure.in', 420, 438 ]
550 silly gunzTarPerm extractEntry deps/libexpat/conftools/PrintPath
551 silly gunzTarPerm modified mode [ 'deps/libexpat/conftools/PrintPath', 493, 511 ]
552 silly gunzTarPerm extractEntry deps/libexpat/conftools/ac_c_bigendian_cross.m4
553 silly gunzTarPerm modified mode [ 'deps/libexpat/conftools/ac_c_bigendian_cross.m4', 420, 438 ]
554 silly gunzTarPerm extractEntry deps/libexpat/conftools/config.guess
555 silly gunzTarPerm modified mode [ 'deps/libexpat/conftools/config.guess', 493, 511 ]
556 silly gunzTarPerm extractEntry deps/libexpat/conftools/config.sub
557 silly gunzTarPerm modified mode [ 'deps/libexpat/conftools/config.sub', 493, 511 ]
558 silly gunzTarPerm extractEntry deps/libexpat/conftools/expat.m4
559 silly gunzTarPerm modified mode [ 'deps/libexpat/conftools/expat.m4', 420, 438 ]
560 silly gunzTarPerm extractEntry deps/libexpat/conftools/get-version.sh
561 silly gunzTarPerm modified mode [ 'deps/libexpat/conftools/get-version.sh', 493, 511 ]
562 silly gunzTarPerm extractEntry deps/libexpat/conftools/install-sh
563 silly gunzTarPerm modified mode [ 'deps/libexpat/conftools/install-sh', 493, 511 ]
564 silly gunzTarPerm extractEntry deps/libexpat/conftools/ltmain.sh
565 silly gunzTarPerm modified mode [ 'deps/libexpat/conftools/ltmain.sh', 493, 511 ]
566 silly gunzTarPerm extractEntry deps/libexpat/conftools/mkinstalldirs
567 silly gunzTarPerm modified mode [ 'deps/libexpat/conftools/mkinstalldirs', 493, 511 ]
568 silly gunzTarPerm extractEntry deps/libexpat/CMakeLists.txt
569 silly gunzTarPerm modified mode [ 'deps/libexpat/CMakeLists.txt', 493, 511 ]
570 silly gunzTarPerm extractEntry deps/libexpat/examples/elements.c
571 silly gunzTarPerm modified mode [ 'deps/libexpat/examples/elements.c', 420, 438 ]
572 silly gunzTarPerm extractEntry deps/libexpat/examples/elements.dsp
573 silly gunzTarPerm modified mode [ 'deps/libexpat/examples/elements.dsp', 420, 438 ]
574 silly gunzTarPerm extractEntry deps/libexpat/examples/outline.c
575 silly gunzTarPerm modified mode [ 'deps/libexpat/examples/outline.c', 420, 438 ]
576 silly gunzTarPerm extractEntry deps/libexpat/examples/outline.dsp
577 silly gunzTarPerm modified mode [ 'deps/libexpat/examples/outline.dsp', 420, 438 ]
578 silly gunzTarPerm extractEntry deps/libexpat/expat.dsw
579 silly gunzTarPerm modified mode [ 'deps/libexpat/expat.dsw', 493, 511 ]
580 silly gunzTarPerm extractEntry deps/libexpat/expat.pc.in
581 silly gunzTarPerm modified mode [ 'deps/libexpat/expat.pc.in', 420, 438 ]
582 silly gunzTarPerm extractEntry deps/libexpat/expat_config.h
583 silly gunzTarPerm modified mode [ 'deps/libexpat/expat_config.h', 420, 438 ]
584 silly gunzTarPerm extractEntry deps/libexpat/expat_config.h.cmake
585 silly gunzTarPerm modified mode [ 'deps/libexpat/expat_config.h.cmake', 493, 511 ]
586 silly gunzTarPerm extractEntry deps/libexpat/expat_config.h.in
587 silly gunzTarPerm modified mode [ 'deps/libexpat/expat_config.h.in', 420, 438 ]
588 silly gunzTarPerm extractEntry deps/libexpat/lib/libexpat.def
589 silly gunzTarPerm modified mode [ 'deps/libexpat/lib/libexpat.def', 420, 438 ]
590 silly gunzTarPerm extractEntry deps/libexpat/lib/Makefile.MPW
591 silly gunzTarPerm modified mode [ 'deps/libexpat/lib/Makefile.MPW', 420, 438 ]
592 silly gunzTarPerm extractEntry deps/libexpat/lib/ascii.h
593 silly gunzTarPerm modified mode [ 'deps/libexpat/lib/ascii.h', 420, 438 ]
594 silly gentlyRm F:\web\node_modules\.staging\xml2json-4bf4cfaa\node_modules is being purged
595 verbose gentlyRm don't care about contents; nuking F:\web\node_modules\.staging\xml2json-4bf4cfaa\node_modules
596 silly gunzTarPerm extractEntry deps/libexpat/lib/asciitab.h
597 silly gunzTarPerm modified mode [ 'deps/libexpat/lib/asciitab.h', 420, 438 ]
598 silly gunzTarPerm extractEntry deps/libexpat/lib/expat.dsp
599 silly gunzTarPerm modified mode [ 'deps/libexpat/lib/expat.dsp', 420, 438 ]
600 silly gunzTarPerm extractEntry deps/libexpat/lib/expat.h
601 silly gunzTarPerm modified mode [ 'deps/libexpat/lib/expat.h', 420, 438 ]
602 silly gunzTarPerm extractEntry deps/libexpat/lib/expat_external.h
603 silly gunzTarPerm modified mode [ 'deps/libexpat/lib/expat_external.h', 420, 438 ]
604 silly gunzTarPerm extractEntry deps/libexpat/lib/expat_static.dsp
605 silly gunzTarPerm modified mode [ 'deps/libexpat/lib/expat_static.dsp', 420, 438 ]
606 silly gunzTarPerm extractEntry deps/libexpat/lib/expatw.dsp
607 silly gunzTarPerm modified mode [ 'deps/libexpat/lib/expatw.dsp', 420, 438 ]
608 silly gunzTarPerm extractEntry deps/libexpat/lib/expatw_static.dsp
609 silly gunzTarPerm modified mode [ 'deps/libexpat/lib/expatw_static.dsp', 420, 438 ]
610 silly gunzTarPerm extractEntry deps/libexpat/lib/iasciitab.h
611 silly gunzTarPerm modified mode [ 'deps/libexpat/lib/iasciitab.h', 420, 438 ]
612 silly gunzTarPerm extractEntry deps/libexpat/lib/internal.h
613 silly gunzTarPerm modified mode [ 'deps/libexpat/lib/internal.h', 420, 438 ]
614 silly gentlyRm F:\web\node_modules\.staging\nan-8d2861ed\node_modules is being purged
615 verbose gentlyRm don't care about contents; nuking F:\web\node_modules\.staging\nan-8d2861ed\node_modules
616 silly gunzTarPerm extractEntry deps/libexpat/lib/latin1tab.h
617 silly gunzTarPerm modified mode [ 'deps/libexpat/lib/latin1tab.h', 420, 438 ]
618 silly gunzTarPerm extractEntry deps/libexpat/lib/amigaconfig.h
619 silly gunzTarPerm modified mode [ 'deps/libexpat/lib/amigaconfig.h', 420, 438 ]
620 silly gunzTarPerm extractEntry deps/libexpat/lib/libexpatw.def
621 silly gunzTarPerm modified mode [ 'deps/libexpat/lib/libexpatw.def', 420, 438 ]
622 silly gunzTarPerm extractEntry deps/libexpat/lib/macconfig.h
623 silly gunzTarPerm modified mode [ 'deps/libexpat/lib/macconfig.h', 420, 438 ]
624 silly gunzTarPerm extractEntry deps/libexpat/lib/nametab.h
625 silly gunzTarPerm modified mode [ 'deps/libexpat/lib/nametab.h', 420, 438 ]
626 silly gunzTarPerm extractEntry deps/libexpat/lib/utf8tab.h
627 silly gunzTarPerm modified mode [ 'deps/libexpat/lib/utf8tab.h', 420, 438 ]
628 silly gunzTarPerm extractEntry deps/libexpat/lib/winconfig.h
629 silly gunzTarPerm modified mode [ 'deps/libexpat/lib/winconfig.h', 420, 438 ]
630 silly gunzTarPerm extractEntry deps/libexpat/lib/xmlparse.c
631 silly gunzTarPerm modified mode [ 'deps/libexpat/lib/xmlparse.c', 420, 438 ]
632 silly gunzTarPerm extractEntry deps/libexpat/lib/xmlrole.c
633 silly gunzTarPerm modified mode [ 'deps/libexpat/lib/xmlrole.c', 420, 438 ]
634 silly gunzTarPerm extractEntry deps/libexpat/lib/xmlrole.h
635 silly gunzTarPerm modified mode [ 'deps/libexpat/lib/xmlrole.h', 420, 438 ]
636 silly gunzTarPerm extractEntry deps/libexpat/lib/xmltok.c
637 silly gunzTarPerm modified mode [ 'deps/libexpat/lib/xmltok.c', 420, 438 ]
638 silly gunzTarPerm extractEntry deps/libexpat/lib/xmltok.h
639 silly gunzTarPerm modified mode [ 'deps/libexpat/lib/xmltok.h', 420, 438 ]
640 silly gunzTarPerm extractEntry deps/libexpat/lib/xmltok_impl.c
641 silly gunzTarPerm modified mode [ 'deps/libexpat/lib/xmltok_impl.c', 420, 438 ]
642 silly gunzTarPerm extractEntry deps/libexpat/lib/xmltok_impl.h
643 silly gunzTarPerm modified mode [ 'deps/libexpat/lib/xmltok_impl.h', 420, 438 ]
644 silly gunzTarPerm extractEntry deps/libexpat/lib/xmltok_ns.c
645 silly gunzTarPerm modified mode [ 'deps/libexpat/lib/xmltok_ns.c', 420, 438 ]
646 silly gunzTarPerm extractEntry deps/libexpat/libexpat.gyp
647 silly gunzTarPerm modified mode [ 'deps/libexpat/libexpat.gyp', 420, 438 ]
648 silly gunzTarPerm extractEntry deps/libexpat/m4/libtool.m4
649 silly gunzTarPerm modified mode [ 'deps/libexpat/m4/libtool.m4', 420, 438 ]
650 silly gunzTarPerm extractEntry deps/libexpat/m4/ltoptions.m4
651 silly gunzTarPerm modified mode [ 'deps/libexpat/m4/ltoptions.m4', 420, 438 ]
652 silly gunzTarPerm extractEntry deps/libexpat/m4/ltsugar.m4
653 silly gunzTarPerm modified mode [ 'deps/libexpat/m4/ltsugar.m4', 420, 438 ]
654 silly gunzTarPerm extractEntry deps/libexpat/m4/ltversion.m4
655 silly gunzTarPerm modified mode [ 'deps/libexpat/m4/ltversion.m4', 420, 438 ]
656 silly gunzTarPerm extractEntry deps/libexpat/m4/lt~obsolete.m4
657 silly gunzTarPerm modified mode [ 'deps/libexpat/m4/lt~obsolete.m4', 420, 438 ]
658 silly gunzTarPerm extractEntry deps/libexpat/tests/README.txt
659 silly gunzTarPerm modified mode [ 'deps/libexpat/tests/README.txt', 420, 438 ]
660 silly gunzTarPerm extractEntry deps/libexpat/tests/benchmark/README.txt
661 silly gunzTarPerm modified mode [ 'deps/libexpat/tests/benchmark/README.txt', 420, 438 ]
662 silly gunzTarPerm extractEntry deps/libexpat/tests/benchmark/benchmark.c
663 silly gunzTarPerm modified mode [ 'deps/libexpat/tests/benchmark/benchmark.c', 420, 438 ]
664 silly gunzTarPerm extractEntry deps/libexpat/tests/benchmark/benchmark.dsp
665 silly gunzTarPerm modified mode [ 'deps/libexpat/tests/benchmark/benchmark.dsp', 420, 438 ]
666 silly gunzTarPerm extractEntry deps/libexpat/tests/benchmark/benchmark.dsw
667 silly gunzTarPerm modified mode [ 'deps/libexpat/tests/benchmark/benchmark.dsw', 420, 438 ]
668 silly gunzTarPerm extractEntry deps/libexpat/tests/chardata.c
669 silly gunzTarPerm modified mode [ 'deps/libexpat/tests/chardata.c', 420, 438 ]
670 silly gunzTarPerm extractEntry deps/libexpat/tests/chardata.h
671 silly gunzTarPerm modified mode [ 'deps/libexpat/tests/chardata.h', 420, 438 ]
672 silly gunzTarPerm extractEntry deps/libexpat/tests/minicheck.c
673 silly gunzTarPerm modified mode [ 'deps/libexpat/tests/minicheck.c', 420, 438 ]
674 silly gunzTarPerm extractEntry deps/libexpat/tests/minicheck.h
675 silly gunzTarPerm modified mode [ 'deps/libexpat/tests/minicheck.h', 420, 438 ]
676 silly gunzTarPerm extractEntry deps/libexpat/tests/runtests.c
677 silly gunzTarPerm modified mode [ 'deps/libexpat/tests/runtests.c', 420, 438 ]
678 silly gunzTarPerm extractEntry deps/libexpat/tests/runtestspp.cpp
679 silly gunzTarPerm modified mode [ 'deps/libexpat/tests/runtestspp.cpp', 420, 438 ]
680 silly gunzTarPerm extractEntry deps/libexpat/tests/xmltest.sh
681 silly gunzTarPerm modified mode [ 'deps/libexpat/tests/xmltest.sh', 493, 511 ]
682 silly gunzTarPerm extractEntry deps/libexpat/version.c
683 silly gunzTarPerm modified mode [ 'deps/libexpat/version.c', 420, 438 ]
684 silly gunzTarPerm extractEntry deps/libexpat/vms/README.vms
685 silly gunzTarPerm modified mode [ 'deps/libexpat/vms/README.vms', 420, 438 ]
686 silly gunzTarPerm extractEntry deps/libexpat/vms/descrip.mms
687 silly gunzTarPerm modified mode [ 'deps/libexpat/vms/descrip.mms', 420, 438 ]
688 silly gunzTarPerm extractEntry deps/libexpat/vms/expat_config.h
689 silly gunzTarPerm modified mode [ 'deps/libexpat/vms/expat_config.h', 420, 438 ]
690 silly gunzTarPerm extractEntry deps/libexpat/win32/MANIFEST.txt
691 silly gunzTarPerm modified mode [ 'deps/libexpat/win32/MANIFEST.txt', 420, 438 ]
692 silly gunzTarPerm extractEntry deps/libexpat/win32/README.txt
693 silly gunzTarPerm modified mode [ 'deps/libexpat/win32/README.txt', 420, 438 ]
694 silly gunzTarPerm extractEntry deps/libexpat/win32/expat.iss
695 silly gunzTarPerm modified mode [ 'deps/libexpat/win32/expat.iss', 420, 438 ]
696 silly gunzTarPerm extractEntry deps/libexpat/xmlwf/xmlfile.h
697 silly gunzTarPerm modified mode [ 'deps/libexpat/xmlwf/xmlfile.h', 493, 511 ]
698 silly gunzTarPerm extractEntry deps/libexpat/xmlwf/codepage.c
699 silly gunzTarPerm modified mode [ 'deps/libexpat/xmlwf/codepage.c', 493, 511 ]
700 silly gunzTarPerm extractEntry deps/libexpat/xmlwf/ct.c
701 silly gunzTarPerm modified mode [ 'deps/libexpat/xmlwf/ct.c', 493, 511 ]
702 silly gunzTarPerm extractEntry deps/libexpat/xmlwf/filemap.h
703 silly gunzTarPerm modified mode [ 'deps/libexpat/xmlwf/filemap.h', 493, 511 ]
704 silly gunzTarPerm extractEntry deps/libexpat/xmlwf/readfilemap.c
705 silly gunzTarPerm modified mode [ 'deps/libexpat/xmlwf/readfilemap.c', 493, 511 ]
706 silly gunzTarPerm extractEntry deps/libexpat/xmlwf/unixfilemap.c
707 silly gunzTarPerm modified mode [ 'deps/libexpat/xmlwf/unixfilemap.c', 493, 511 ]
708 silly gunzTarPerm extractEntry deps/libexpat/xmlwf/win32filemap.c
709 silly gunzTarPerm modified mode [ 'deps/libexpat/xmlwf/win32filemap.c', 493, 511 ]
710 silly gunzTarPerm extractEntry deps/libexpat/xmlwf/xmlfile.c
711 silly gunzTarPerm modified mode [ 'deps/libexpat/xmlwf/xmlfile.c', 493, 511 ]
712 silly gunzTarPerm extractEntry deps/libexpat/xmlwf/codepage.h
713 silly gunzTarPerm modified mode [ 'deps/libexpat/xmlwf/codepage.h', 493, 511 ]
714 silly gunzTarPerm extractEntry deps/libexpat/xmlwf/xmlmime.c
715 silly gunzTarPerm modified mode [ 'deps/libexpat/xmlwf/xmlmime.c', 493, 511 ]
716 silly gunzTarPerm extractEntry deps/libexpat/xmlwf/xmlmime.h
717 silly gunzTarPerm modified mode [ 'deps/libexpat/xmlwf/xmlmime.h', 493, 511 ]
718 silly gunzTarPerm extractEntry deps/libexpat/xmlwf/xmltchar.h
719 silly gunzTarPerm modified mode [ 'deps/libexpat/xmlwf/xmltchar.h', 493, 511 ]
720 silly gunzTarPerm extractEntry deps/libexpat/xmlwf/xmlurl.h
721 silly gunzTarPerm modified mode [ 'deps/libexpat/xmlwf/xmlurl.h', 493, 511 ]
722 silly gunzTarPerm extractEntry deps/libexpat/xmlwf/xmlwf.c
723 silly gunzTarPerm modified mode [ 'deps/libexpat/xmlwf/xmlwf.c', 493, 511 ]
724 silly gunzTarPerm extractEntry deps/libexpat/xmlwf/xmlwf.dsp
725 silly gunzTarPerm modified mode [ 'deps/libexpat/xmlwf/xmlwf.dsp', 493, 511 ]
726 silly gunzTarPerm extractEntry deps/libexpat/xmlwf/xmlwin32url.cxx
727 silly gunzTarPerm modified mode [ 'deps/libexpat/xmlwf/xmlwin32url.cxx', 493, 511 ]
728 silly gunzTarPerm extractEntry lib/node-expat.js
729 silly gunzTarPerm modified mode [ 'lib/node-expat.js', 420, 438 ]
730 silly gunzTarPerm extractEntry node-expat.cc
731 silly gunzTarPerm modified mode [ 'node-expat.cc', 420, 438 ]
732 silly gentlyRm F:\web\node_modules\.staging\node-expat-08caf844\node_modules is being purged
733 verbose gentlyRm don't care about contents; nuking F:\web\node_modules\.staging\node-expat-08caf844\node_modules
734 silly doParallel preinstall 4
735 silly preinstall bindings@1.2.1 F:\web\node_modules\.staging\bindings-c5dfddb3
736 info lifecycle bindings@1.2.1~preinstall: bindings@1.2.1
737 silly preinstall nan@2.4.0 F:\web\node_modules\.staging\nan-8d2861ed
738 info lifecycle nan@2.4.0~preinstall: nan@2.4.0
739 silly preinstall node-expat@2.3.15 F:\web\node_modules\.staging\node-expat-08caf844
740 info lifecycle node-expat@2.3.15~preinstall: node-expat@2.3.15
741 silly preinstall xml2json@0.9.1 F:\web\node_modules\.staging\xml2json-4bf4cfaa
742 info lifecycle xml2json@0.9.1~preinstall: xml2json@0.9.1
743 silly lifecycle bindings@1.2.1~preinstall: no script for preinstall, continuing
744 silly lifecycle nan@2.4.0~preinstall: no script for preinstall, continuing
745 silly lifecycle node-expat@2.3.15~preinstall: no script for preinstall, continuing
746 silly lifecycle xml2json@0.9.1~preinstall: no script for preinstall, continuing
747 silly doReverseSerial remove 0
748 silly doSerial move 0
749 silly doSerial finalize 4
750 silly finalize F:\web\node_modules\bindings
751 silly finalize F:\web\node_modules\nan
752 silly finalize F:\web\node_modules\node-expat
753 silly finalize F:\web\node_modules\xml2json
754 silly doSerial build 4
755 silly build bindings@1.2.1
756 info linkStuff bindings@1.2.1
757 silly linkStuff bindings@1.2.1 has F:\web\node_modules as its parent node_modules
758 verbose linkBins bindings@1.2.1
759 verbose linkMans bindings@1.2.1
760 silly build nan@2.4.0
761 info linkStuff nan@2.4.0
762 silly linkStuff nan@2.4.0 has F:\web\node_modules as its parent node_modules
763 verbose linkBins nan@2.4.0
764 verbose linkMans nan@2.4.0
765 silly build node-expat@2.3.15
766 info linkStuff node-expat@2.3.15
767 silly linkStuff node-expat@2.3.15 has F:\web\node_modules as its parent node_modules
768 verbose linkBins node-expat@2.3.15
769 verbose linkMans node-expat@2.3.15
770 silly build xml2json@0.9.1
771 info linkStuff xml2json@0.9.1
772 silly linkStuff xml2json@0.9.1 has F:\web\node_modules as its parent node_modules
773 verbose linkBins xml2json@0.9.1
774 verbose link bins [ { xml2json: 'bin/xml2json' },
774 verbose link bins   'F:\\web\\node_modules\\.bin',
774 verbose link bins   false ]
775 verbose linkMans xml2json@0.9.1
776 silly doSerial global-link 0
777 silly doParallel update-linked 0
778 silly doSerial install 4
779 silly install bindings@1.2.1 F:\web\node_modules\.staging\bindings-c5dfddb3
780 info lifecycle bindings@1.2.1~install: bindings@1.2.1
781 silly lifecycle bindings@1.2.1~install: no script for install, continuing
782 silly install nan@2.4.0 F:\web\node_modules\.staging\nan-8d2861ed
783 info lifecycle nan@2.4.0~install: nan@2.4.0
784 silly lifecycle nan@2.4.0~install: no script for install, continuing
785 silly install node-expat@2.3.15 F:\web\node_modules\.staging\node-expat-08caf844
786 info lifecycle node-expat@2.3.15~install: node-expat@2.3.15
787 verbose lifecycle node-expat@2.3.15~install: unsafe-perm in lifecycle true
788 verbose lifecycle node-expat@2.3.15~install: PATH: G:\install\node\node_modules\npm\bin\node-gyp-bin;F:\web\node_modules\node-expat\node_modules\.bin;F:\web\node_modules\.bin;C:\Users\Administrator\bin;G:\install\Git\Git\mingw64\bin;G:\install\Git\Git\usr\local\bin;G:\install\Git\Git\usr\bin;G:\install\Git\Git\usr\bin;G:\install\Git\Git\mingw64\bin;G:\install\Git\Git\usr\bin;C:\Users\Administrator\bin;C:\ProgramData\Oracle\Java\javapath;C:\Windows\system32;C:\Windows;C:\Windows\System32\Wbem;C:\Windows\System32\WindowsPowerShell\v1.0;G:\install\node;G:\install\Git\Git\cmd;G:\install\Git\Git\usr\bin;C:\Users\Administrator\AppData\Roaming\npm;G:\install\Git\Git\usr\bin\vendor_perl;G:\install\Git\Git\usr\bin\core_perl
789 verbose lifecycle node-expat@2.3.15~install: CWD: F:\web\node_modules\node-expat
790 silly lifecycle node-expat@2.3.15~install: Args: [ '/d /s /c', 'node-gyp rebuild' ]
791 silly lifecycle node-expat@2.3.15~install: Returned: code: 1  signal: null
792 info lifecycle node-expat@2.3.15~install: Failed to exec install script
793 verbose unlock done using C:\Users\Administrator\AppData\Roaming\npm-cache\_locks\staging-e67060c4f90d4576.lock for F:\web\node_modules\.staging
794 silly rollbackFailedOptional Starting
795 silly rollbackFailedOptional Finishing
796 silly runTopLevelLifecycles Starting
797 silly runTopLevelLifecycles Finishing
798 silly install printInstalled
799 warn enoent ENOENT: no such file or directory, open 'F:\web\package.json'
800 warn web No description
801 warn web No repository field.
802 warn web No README data
803 warn web No license field.
804 verbose stack Error: node-expat@2.3.15 install: `node-gyp rebuild`
804 verbose stack Exit status 1
804 verbose stack     at EventEmitter.<anonymous> (G:\install\node\node_modules\npm\lib\utils\lifecycle.js:255:16)
804 verbose stack     at emitTwo (events.js:87:13)
804 verbose stack     at EventEmitter.emit (events.js:172:7)
804 verbose stack     at ChildProcess.<anonymous> (G:\install\node\node_modules\npm\lib\utils\spawn.js:40:14)
804 verbose stack     at emitTwo (events.js:87:13)
804 verbose stack     at ChildProcess.emit (events.js:172:7)
804 verbose stack     at maybeClose (internal/child_process.js:818:16)
804 verbose stack     at Process.ChildProcess._handle.onexit (internal/child_process.js:211:5)
805 verbose pkgid node-expat@2.3.15
806 verbose cwd F:\web\weather
807 error Windows_NT 6.1.7601
808 error argv "G:\\install\\node\\node.exe" "G:\\install\\node\\node_modules\\npm\\bin\\npm-cli.js" "install" "xml2json"
809 error node v4.2.1
810 error npm  v3.10.6
811 error code ELIFECYCLE
812 error node-expat@2.3.15 install: `node-gyp rebuild`
812 error Exit status 1
813 error Failed at the node-expat@2.3.15 install script 'node-gyp rebuild'.
813 error Make sure you have the latest version of node.js and npm installed.
813 error If you do, this is most likely a problem with the node-expat package,
813 error not with npm itself.
813 error Tell the author that this fails on your system:
813 error     node-gyp rebuild
813 error You can get information on how to open an issue for this project with:
813 error     npm bugs node-expat
813 error Or if that isn't available, you can get their info via:
813 error     npm owner ls node-expat
813 error There is likely additional logging output above.
814 verbose exit [ 1, true ]
